#
# There is insufficient memory for the Java Runtime Environment to continue.
# Native memory allocation (mmap) failed to map 167772160 bytes for G1 virtual space
# Possible reasons:
#   The system is out of physical RAM or swap space
#   The process is running with CompressedOops enabled, and the Java Heap may be blocking the growth of the native heap
# Possible solutions:
#   Reduce memory load on the system
#   Increase physical memory or swap space
#   Check if swap backing store is full
#   Decrease Java heap size (-Xmx/-Xms)
#   Decrease number of Java threads
#   Decrease Java thread stack sizes (-Xss)
#   Set larger code cache with -XX:ReservedCodeCacheSize=
#   JVM is running with Zero Based Compressed Oops mode in which the Java heap is
#     placed in the first 32GB address space. The Java Heap base address is the
#     maximum limit for the native heap growth. Please use -XX:HeapBaseMinAddress
#     to set the Java Heap base and to place the Java Heap above 32GB virtual address.
# This output file may be truncated or incomplete.
#
#  Out of Memory Error (os_windows.cpp:3536), pid=35912, tid=33444
#
# JRE version:  (19.0.2+7) (build )
# Java VM: Java HotSpot(TM) 64-Bit Server VM (19.0.2+7-44, mixed mode, sharing, tiered, compressed oops, compressed class ptrs, g1 gc, windows-amd64)
# No core dump will be written. Minidumps are not enabled by default on client versions of Windows
#

---------------  S U M M A R Y ------------

Command Line: -XX:+ShowCodeDetailsInExceptionMessages App

Host: AMD Ryzen 7 3700U with Radeon Vega Mobile Gfx  , 8 cores, 9G,  Windows 11 , 64 bit Build 22621 (10.0.22621.2070)
Time: Sun Sep  3 13:39:54 2023 Hora oficial do Brasil elapsed time: 0.305949 seconds (0d 0h 0m 0s)

---------------  T H R E A D  ---------------

Current thread (0x00000178eee16800):  JavaThread "Unknown thread" [_thread_in_vm, id=33444, stack(0x0000004a35f00000,0x0000004a36000000)]

Stack: [0x0000004a35f00000,0x0000004a36000000]
Native frames: (J=compiled Java code, j=interpreted, Vv=VM code, C=native code)
V  [jvm.dll+0x6ee21a]
V  [jvm.dll+0x85765e]
V  [jvm.dll+0x85904e]
V  [jvm.dll+0x859703]
V  [jvm.dll+0x28298f]
V  [jvm.dll+0x6eb009]
V  [jvm.dll+0x6dfbaa]
V  [jvm.dll+0x3573f6]
V  [jvm.dll+0x35ee56]
V  [jvm.dll+0x3b541e]
V  [jvm.dll+0x3b564f]
V  [jvm.dll+0x32c9ea]
V  [jvm.dll+0x32d89e]
V  [jvm.dll+0x821780]
V  [jvm.dll+0x3c2661]
V  [jvm.dll+0x801f51]
V  [jvm.dll+0x44ae8f]
V  [jvm.dll+0x44c811]
C  [jli.dll+0x5287]
C  [ucrtbase.dll+0x29363]
C  [KERNEL32.DLL+0x126ad]
C  [ntdll.dll+0x5aa68]


---------------  P R O C E S S  ---------------

Threads class SMR info:
_java_thread_list=0x00007fffa4d1d048, length=0, elements={
}

Java Threads: ( => current thread )

Other Threads:
  0x00000178eee6b7b0 WorkerThread "GC Thread#0" [stack: 0x0000004a36000000,0x0000004a36100000] [id=34932]
  0x00000178eee76920 ConcurrentGCThread "G1 Main Marker" [stack: 0x0000004a36100000,0x0000004a36200000] [id=34040]
  0x00000178eee77af0 WorkerThread "G1 Conc#0" [stack: 0x0000004a36200000,0x0000004a36300000] [id=6952]

[error occurred during error reporting (printing all threads), id 0xc0000005, EXCEPTION_ACCESS_VIOLATION (0xc0000005) at pc=0x00007fffa44dd427]

VM state: not at safepoint (not fully initialized)

VM Mutex/Monitor currently owned by a thread:  ([mutex/lock_event])
[0x00000178eee106d0] Heap_lock - owner thread: 0x00000178eee16800

Heap address: 0x0000000760e00000, size: 2546 MB, Compressed Oops mode: Zero based, Oop shift amount: 3

CDS archive(s) mapped at: [0x0000000000000000-0x0000000000000000-0x0000000000000000), size 0, SharedBaseAddress: 0x0000000800000000, ArchiveRelocationMode: 0.
Narrow klass base: 0x0000000000000000, Narrow klass shift: 0, Narrow klass range: 0x0

GC Precious Log:
 CardTable entry size: 512
 Card Set container configuration: InlinePtr #cards 4 size 8 Array Of Cards #cards 16 size 48 Howl #buckets 8 coarsen threshold 3686 Howl Bitmap #cards 512 size 80 coarsen threshold 460 Card regions per heap region 1 cards per card region 4096

Heap:
 garbage-first heap   total 0K, used 0K [0x0000000760e00000, 0x0000000800000000)
  region size 2048K, 0 young (0K), 0 survivors (0K)

[error occurred during error reporting (printing heap information), id 0xc0000005, EXCEPTION_ACCESS_VIOLATION (0xc0000005) at pc=0x00007fffa48e6649]

GC Heap History (0 events):
No events

Dll operation events (1 events):
Event: 0.020 Loaded shared library C:\Program Files\Java\jdk-19\bin\java.dll

Deoptimization events (0 events):
No events

Classes loaded (0 events):
No events

Classes unloaded (0 events):
No events

Classes redefined (0 events):
No events

Internal exceptions (0 events):
No events

VM Operations (0 events):
No events

Events (0 events):
No events


Dynamic libraries:
0x00007ff723690000 - 0x00007ff7236a0000 	C:\Program Files\Java\jdk-19\bin\java.exe
0x00007ff829390000 - 0x00007ff8295a4000 	C:\WINDOWS\SYSTEM32\ntdll.dll
0x00007ff828c40000 - 0x00007ff828d04000 	C:\WINDOWS\System32\KERNEL32.DLL
0x00007ff826770000 - 0x00007ff826b14000 	C:\WINDOWS\System32\KERNELBASE.dll
0x00007ff826e20000 - 0x00007ff826f31000 	C:\WINDOWS\System32\ucrtbase.dll
0x00007fffb45e0000 - 0x00007fffb45fb000 	C:\Program Files\Java\jdk-19\bin\VCRUNTIME140.dll
0x00007fffb4600000 - 0x00007fffb4618000 	C:\Program Files\Java\jdk-19\bin\jli.dll
0x00007ff828da0000 - 0x00007ff828e50000 	C:\WINDOWS\System32\ADVAPI32.dll
0x00007ff828000000 - 0x00007ff8280a7000 	C:\WINDOWS\System32\msvcrt.dll
0x00007ff8287b0000 - 0x00007ff828856000 	C:\WINDOWS\System32\sechost.dll
0x00007ff827a50000 - 0x00007ff827b67000 	C:\WINDOWS\System32\RPCRT4.dll
0x00007ff828950000 - 0x00007ff828afa000 	C:\WINDOWS\System32\USER32.dll
0x00007ff826be0000 - 0x00007ff826c06000 	C:\WINDOWS\System32\win32u.dll
0x00007ff810640000 - 0x00007ff8108cf000 	C:\WINDOWS\WinSxS\amd64_microsoft.windows.common-controls_6595b64144ccf1df_6.0.22621.2070_none_2713e6537381f706\COMCTL32.dll
0x00007ff829320000 - 0x00007ff829349000 	C:\WINDOWS\System32\GDI32.dll
0x00007ff827030000 - 0x00007ff827149000 	C:\WINDOWS\System32\gdi32full.dll
0x00007ff826d80000 - 0x00007ff826e1a000 	C:\WINDOWS\System32\msvcp_win.dll
0x00007ff81f240000 - 0x00007ff81f24a000 	C:\WINDOWS\SYSTEM32\VERSION.dll
0x00007ff828910000 - 0x00007ff828941000 	C:\WINDOWS\System32\IMM32.DLL
0x00007fffc1380000 - 0x00007fffc138c000 	C:\Program Files\Java\jdk-19\bin\vcruntime140_1.dll
0x00007fffb22d0000 - 0x00007fffb235e000 	C:\Program Files\Java\jdk-19\bin\msvcp140.dll
0x00007fffa41a0000 - 0x00007fffa4e60000 	C:\Program Files\Java\jdk-19\bin\server\jvm.dll
0x00007ff81ed60000 - 0x00007ff81ed94000 	C:\WINDOWS\SYSTEM32\WINMM.dll
0x00007ff823580000 - 0x00007ff823589000 	C:\WINDOWS\SYSTEM32\WSOCK32.dll
0x00007ff828e50000 - 0x00007ff828ec1000 	C:\WINDOWS\System32\WS2_32.dll
0x00007ff825720000 - 0x00007ff825738000 	C:\WINDOWS\SYSTEM32\kernel.appcore.dll
0x00007fffc12a0000 - 0x00007fffc12aa000 	C:\Program Files\Java\jdk-19\bin\jimage.dll
0x00007ff824210000 - 0x00007ff82443e000 	C:\WINDOWS\SYSTEM32\DBGHELP.DLL
0x00007ff828270000 - 0x00007ff8285fa000 	C:\WINDOWS\System32\combase.dll
0x00007ff828b00000 - 0x00007ff828bd7000 	C:\WINDOWS\System32\OLEAUT32.dll
0x00007ff810020000 - 0x00007ff810052000 	C:\WINDOWS\SYSTEM32\dbgcore.DLL
0x00007ff826f40000 - 0x00007ff826fba000 	C:\WINDOWS\System32\bcryptPrimitives.dll
0x00007fffb2430000 - 0x00007fffb2456000 	C:\Program Files\Java\jdk-19\bin\java.dll

dbghelp: loaded successfully - version: 4.0.5 - missing functions: none
symbol engine: initialized successfully - sym options: 0x614 - pdb path: .;C:\Program Files\Java\jdk-19\bin;C:\WINDOWS\SYSTEM32;C:\WINDOWS\WinSxS\amd64_microsoft.windows.common-controls_6595b64144ccf1df_6.0.22621.2070_none_2713e6537381f706;C:\Program Files\Java\jdk-19\bin\server

VM Arguments:
jvm_args: -XX:+ShowCodeDetailsInExceptionMessages 
java_command: App
java_class_path (initial): C:\Users\ACER\Music\SenaiDev\Java\Calculadora.java\bin
Launcher Type: SUN_STANDARD

[Global flags]
     intx CICompilerCount                          = 4                                         {product} {ergonomic}
     uint ConcGCThreads                            = 2                                         {product} {ergonomic}
     uint G1ConcRefinementThreads                  = 8                                         {product} {ergonomic}
   size_t G1HeapRegionSize                         = 2097152                                   {product} {ergonomic}
    uintx GCDrainStackTargetSize                   = 64                                        {product} {ergonomic}
   size_t InitialHeapSize                          = 167772160                                 {product} {ergonomic}
   size_t MarkStackSize                            = 4194304                                   {product} {ergonomic}
   size_t MaxHeapSize                              = 2669674496                                {product} {ergonomic}
   size_t MinHeapDeltaBytes                        = 2097152                                   {product} {ergonomic}
   size_t MinHeapSize                              = 8388608                                   {product} {ergonomic}
    uintx NonNMethodCodeHeapSize                   = 5839372                                {pd product} {ergonomic}
    uintx NonProfiledCodeHeapSize                  = 122909434                              {pd product} {ergonomic}
    uintx ProfiledCodeHeapSize                     = 122909434                              {pd product} {ergonomic}
    uintx ReservedCodeCacheSize                    = 251658240                              {pd product} {ergonomic}
     bool SegmentedCodeCache                       = true                                      {product} {ergonomic}
     bool ShowCodeDetailsInExceptionMessages       = true                                   {manageable} {command line}
   size_t SoftMaxHeapSize                          = 2669674496                             {manageable} {ergonomic}
     bool UseCompressedClassPointers               = true                           {product lp64_product} {ergonomic}
     bool UseCompressedOops                        = true                           {product lp64_product} {ergonomic}
     bool UseG1GC                                  = true                                      {product} {ergonomic}
     bool UseLargePagesIndividualAllocation        = false                                  {pd product} {ergonomic}

Logging:
Log output configuration:
 #0: stdout all=warning uptime,level,tags foldmultilines=false
 #1: stderr all=off uptime,level,tags foldmultilines=false

Environment Variables:
PATH=C:\Program Files\Common Files\Oracle\Java\javapath;C:\WINDOWS\system32;C:\WINDOWS;C:\WINDOWS\System32\Wbem;C:\WINDOWS\System32\WindowsPowerShell\v1.0\;C:\WINDOWS\System32\OpenSSH\;C:\Program Files\Git\cmd;C:\xampp\apache\bin;C:\xampp\mysql\bin;C:\xampp\php;C:\Users\ACER\AppData\Local\Microsoft\WindowsApps;C:\Users\ACER\AppData\Local\Programs\Microsoft VS Code\bin;C:\Program Files\Java\jdk-19\bin;C:\Users\ACER\AppData\Local\GitHubDesktop\bin;C:\xampp\apache\bin;C:\xampp\mysql\bin;C:\xampp\php;
USERNAME=ACER
LANG=pt_BR.UTF-8
OS=Windows_NT
PROCESSOR_IDENTIFIER=AMD64 Family 23 Model 24 Stepping 1, AuthenticAMD
TMP=C:\Users\ACER\AppData\Local\Temp
TEMP=C:\Users\ACER\AppData\Local\Temp



---------------  S Y S T E M  ---------------

OS:
 Windows 11 , 64 bit Build 22621 (10.0.22621.2070)
OS uptime: 0 days 6:24 hours
Hyper-V role detected

CPU: total 8 (initial active 8) (8 cores per cpu, 2 threads per core) family 23 model 24 stepping 1 microcode 0x0, cx8, cmov, fxsr, ht, mmx, 3dnowpref, sse, sse2, sse3, ssse3, sse4a, sse4.1, sse4.2, popcnt, lzcnt, tsc, tscinvbit, avx, avx2, aes, clmul, bmi1, bmi2, adx, sha, fma, vzeroupper, clflush, clflushopt, hv, rdtscp

Memory: 4k page, system-wide physical 10177M (1200M free)
TotalPageFile size 40897M (AvailPageFile size 109M)
current process WorkingSet (physical memory assigned to process): 11M, peak: 11M
current process commit charge ("private bytes"): 60M, peak: 220M

vm_info: Java HotSpot(TM) 64-Bit Server VM (19.0.2+7-44) for windows-amd64 JRE (19.0.2+7-44), built on 2022-11-30T18:02:09Z by "mach5one" with MS VC++ 17.1 (VS2022)

END.
